2025-07-05 18:50:39 - root - INFO - 📝 日志系统配置完成
2025-07-05 18:50:39 - root - INFO - 📂 日志文件位置: /Users/oreoft/IdeaProjects/my/meme-bot/logs
2025-07-05 18:50:39 - root - INFO - 📋 日志级别配置:
2025-07-05 18:50:39 - root - INFO -   - all.log: 所有级别日志 (DEBUG+)
2025-07-05 18:50:39 - root - INFO -   - warning.log: 警告级别日志 (WARNING+)
2025-07-05 18:50:39 - root - INFO -   - error.log: 错误级别日志 (ERROR+)
2025-07-05 18:50:39 - root - INFO -   - 控制台: 信息级别日志 (INFO+)
2025-07-05 18:50:39 - root - INFO - BirdEyeAPI配置已刷新
2025-07-05 19:17:41 - root - INFO - 📝 日志系统配置完成
2025-07-05 19:17:41 - root - INFO - 📂 日志文件位置: /Users/oreoft/IdeaProjects/my/meme-bot/logs
2025-07-05 19:17:41 - root - INFO - 📋 日志级别配置:
2025-07-05 19:17:41 - root - INFO -   - all.log: 所有级别日志 (DEBUG+)
2025-07-05 19:17:41 - root - INFO -   - warning.log: 警告级别日志 (WARNING+)
2025-07-05 19:17:41 - root - INFO -   - error.log: 错误级别日志 (ERROR+)
2025-07-05 19:17:41 - root - INFO -   - 控制台: 信息级别日志 (INFO+)
2025-07-05 19:17:41 - root - INFO - BirdEyeAPI配置已刷新
2025-07-05 19:17:41 - root - INFO - 📝 日志系统配置完成
2025-07-05 19:17:41 - root - INFO - 📂 日志文件位置: /Users/oreoft/IdeaProjects/my/meme-bot/logs
2025-07-05 19:17:41 - root - INFO - 📋 日志级别配置:
2025-07-05 19:17:41 - root - INFO -   - all.log: 所有级别日志 (DEBUG+)
2025-07-05 19:17:41 - root - INFO -   - warning.log: 警告级别日志 (WARNING+)
2025-07-05 19:17:41 - root - INFO -   - error.log: 错误级别日志 (ERROR+)
2025-07-05 19:17:41 - root - INFO -   - 控制台: 信息级别日志 (INFO+)
